<?xml version="1.0" encoding="UTF-8"?>
<!-- Generated by org.testng.reporters.JUnitReportReporter -->
<testsuite hostname="7fcf16a2c29f55c" failures="0" tests="3" name="com.company.attendance.service.AttendanceServiceTest" time="0.052" errors="0" timestamp="2025-09-17T20:29:15 IST" skipped="0">
  <testcase classname="com.company.attendance.service.AttendanceServiceTest" name="testClockOutWithoutClockInThrowsException" time="0.009"/>
  <testcase classname="com.company.attendance.service.AttendanceServiceTest" name="testDuplicateClockInThrowsException" time="0.024"/>
  <testcase classname="com.company.attendance.service.AttendanceServiceTest" name="testSuccessfulClockInAndClockOut" time="0.019"/>
</testsuite> <!-- com.company.attendance.service.AttendanceServiceTest -->
