<?xml version="1.0" encoding="UTF-8"?>
<!-- Generated by org.testng.reporters.JUnitReportReporter -->
<testsuite hostname="7fcf16a2c29f55c" failures="0" tests="2" name="com.company.attendance.service.LeaveServiceTest" time="0.026" errors="0" timestamp="2025-09-17T20:31:24 IST" skipped="0">
  <testcase classname="com.company.attendance.service.LeaveServiceTest" name="testApplyAndApproveLeave" time="0.011"/>
  <testcase classname="com.company.attendance.service.LeaveServiceTest" name="testInvalidDateRangeThrowsException" time="0.015"/>
</testsuite> <!-- com.company.attendance.service.LeaveServiceTest -->
